C51 COMPILER V9.00   ALTERNATEONOFF                                                        01/21/2019 18:42:02 PAGE 1   


C51 COMPILER V9.00, COMPILATION OF MODULE ALTERNATEONOFF
OBJECT MODULE PLACED IN alternateOnOff.OBJ
COMPILER INVOKED BY: C:\Keil\C51\BIN\C51.EXE alternateOnOff.c BROWSE DEBUG OBJECTEXTEND TABS(2)

line level    source

   1          #include<reg51.h>
   2          // for 11.0592MHz Crystal
   3          void delay(unsigned int count)
   4          {
   5   1        unsigned int i;
   6   1        while(count)
   7   1        {
   8   2          i = 115;
   9   2          while(i > 0)
  10   2             i--;
  11   2          count--;
  12   2        }
  13   1      }
  14          
  15          void main()
  16          {
  17   1        P2 = 0x00;
  18   1        while(1)
  19   1        {
  20   2          P2 = 0xAA;
  21   2          delay(1000);
  22   2          P2 = 0x55;
  23   2          delay(1000);
  24   2        }
  25   1      }


MODULE INFORMATION:   STATIC OVERLAYABLE
   CODE SIZE        =     50    ----
   CONSTANT SIZE    =   ----    ----
   XDATA SIZE       =   ----    ----
   PDATA SIZE       =   ----    ----
   DATA SIZE        =   ----    ----
   IDATA SIZE       =   ----    ----
   BIT SIZE         =   ----    ----
END OF MODULE INFORMATION.


C51 COMPILATION COMPLETE.  0 WARNING(S),  0 ERROR(S)
