C51 COMPILER V9.00   TRAFFIC                                                               01/23/2019 16:41:17 PAGE 1   


C51 COMPILER V9.00, COMPILATION OF MODULE TRAFFIC
OBJECT MODULE PLACED IN traffic.OBJ
COMPILER INVOKED BY: C:\Keil\C51\BIN\C51.EXE traffic.c BROWSE DEBUG OBJECTEXTEND TABS(2)

line level    source

   1          #include<reg51.h>
   2          sbit red = P2^0;
   3          sbit yellow = P2^1;
   4          sbit green = P2^2;
   5          void delay(unsigned int count)
   6          {
   7   1        unsigned int i;
   8   1        while(count)
   9   1        {
  10   2          i = 115;
  11   2          while(i > 0)
  12   2             i--;
  13   2          count--;
  14   2        }
  15   1      }
  16          
  17          void main()
  18          {
  19   1        P2 = 0x00;
  20   1        while(1)
  21   1        {
  22   2          red = 1;
  23   2          delay(10000);
  24   2          red = 0;
  25   2          yellow = 1;
  26   2          delay(5000);
  27   2          yellow = 0;
  28   2          green = 1;
  29   2          delay(8000);
  30   2          green = 0;
  31   2        }
  32   1      }


MODULE INFORMATION:   STATIC OVERLAYABLE
   CODE SIZE        =     63    ----
   CONSTANT SIZE    =   ----    ----
   XDATA SIZE       =   ----    ----
   PDATA SIZE       =   ----    ----
   DATA SIZE        =   ----    ----
   IDATA SIZE       =   ----    ----
   BIT SIZE         =   ----    ----
END OF MODULE INFORMATION.


C51 COMPILATION COMPLETE.  0 WARNING(S),  0 ERROR(S)
