C51 COMPILER V9.60.0.0   MAIN                                                              08/14/2019 16:53:03 PAGE 1   


C51 COMPILER V9.60.0.0, COMPILATION OF MODULE MAIN
OBJECT MODULE PLACED IN .\Objects\main.obj
COMPILER INVOKED BY: C:\Keil_v5\C51\BIN\C51.EXE main.c OPTIMIZE(8,SPEED) BROWSE DEBUG OBJECTEXTEND PRINT(.\Listings\main
                    -.lst) TABS(2) OBJECT(.\Objects\main.obj)

line level    source

   1          #include <REG51.H>
   2          #include "lcd.c"
   3          
   4          
   5          int a = 0;
   6          void main()
   7          {
   8   1          lcd_init();
   9   1          lcd_out(1,1,"LCD Test");
  10   1          
  11   1          while(1)
  12   1          {                           //Forever loop
  13   2            lcd_print(2,1,a,5);
  14   2            a = a + 1;
  15   2            delay_ms(100);
  16   2          }
  17   1      }


MODULE INFORMATION:   STATIC OVERLAYABLE
   CODE SIZE        =    724    ----
   CONSTANT SIZE    =      9    ----
   XDATA SIZE       =   ----    ----
   PDATA SIZE       =   ----    ----
   DATA SIZE        =      2      11
   IDATA SIZE       =   ----    ----
   BIT SIZE         =   ----    ----
END OF MODULE INFORMATION.


C51 COMPILATION COMPLETE.  0 WARNING(S),  0 ERROR(S)
