C51 COMPILER V9.00   2_SWITCHES                                                            01/21/2019 16:54:37 PAGE 1   


C51 COMPILER V9.00, COMPILATION OF MODULE 2_SWITCHES
OBJECT MODULE PLACED IN 2_switches.OBJ
COMPILER INVOKED BY: C:\Keil\C51\BIN\C51.EXE 2_switches.c BROWSE DEBUG OBJECTEXTEND TABS(2)

line level    source

   1          #include<reg51.h>
   2          
   3          sbit led =P2^0;
   4          sbit sw1 =P2^7;
   5          sbit sw2 =P2^6;
   6          void delay(unsigned int count)
   7          {
   8   1        unsigned int i;
   9   1        while(count)
  10   1        {
  11   2        i=115;
  12   2        while(i>0)
  13   2        i--;
  14   2        count--;
  15   2        }
  16   1        
  17   1      }
  18          void main()
  19          { 
  20   1        sw1 = 1;  
  21   1        sw2 = 1;
  22   1        while(1)
  23   1        {
  24   2            if(sw1==0 && sw2==0)
  25   2            {
  26   3              led=1;
  27   3            }
  28   2            else
  29   2            {
  30   3              led=0;
  31   3            }
  32   2      
  33   2        }
  34   1      }


MODULE INFORMATION:   STATIC OVERLAYABLE
   CODE SIZE        =     43    ----
   CONSTANT SIZE    =   ----    ----
   XDATA SIZE       =   ----    ----
   PDATA SIZE       =   ----    ----
   DATA SIZE        =   ----    ----
   IDATA SIZE       =   ----    ----
   BIT SIZE         =   ----    ----
END OF MODULE INFORMATION.


C51 COMPILATION COMPLETE.  0 WARNING(S),  0 ERROR(S)
