C51 COMPILER V9.60.0.0   MAIN                                                              08/14/2019 17:13:37 PAGE 1   


C51 COMPILER V9.60.0.0, COMPILATION OF MODULE MAIN
OBJECT MODULE PLACED IN .\Objects\main.obj
COMPILER INVOKED BY: C:\Keil_v5\C51\BIN\C51.EXE main.c OPTIMIZE(8,SPEED) BROWSE DEBUG OBJECTEXTEND PRINT(.\Listings\main
                    -.lst) TABS(2) OBJECT(.\Objects\main.obj)

line level    source

   1          #include <reg51.h>
   2          sbit led = P2^0;
   3          void delay_ms(unsigned int count)
   4          {
   5   1              unsigned int i;
   6   1              while(count)
   7   1              {
   8   2                      i = 115;
   9   2                      while(i > 0)
  10   2                      i--;
  11   2                      count--;
  12   2              }
  13   1      }
  14          void uart1_init()
  15          {
  16   1              TMOD = 0x20;  // 0 0 10 0000
  17   1              SCON = 0x50;  // 0101 0000
  18   1              TH1  = 0xFD;
  19   1              TL1  = 0xFD;
  20   1              TR1  = 1;
  21   1      }
  22          void uart1_write(unsigned char dat)
  23          {
  24   1              SBUF = dat;
  25   1              while(!TI);
  26   1              TI = 0;
  27   1      }
  28          
  29          void uart1_write_text(unsigned char *dat)
  30          {
  31   1        while(*dat)
  32   1        { 
  33   2          uart1_write(*dat);
  34   2          dat++;
  35   2        }
  36   1      }
  37          unsigned char uart_read()
  38          {
  39   1              while(RI == 0);
  40   1              RI = 0;
  41   1              return SBUF;
  42   1      }
  43          char a;
  44          void main(void)
  45          {
  46   1        led = 0;
  47   1        uart1_init(); 
  48   1        uart1_write_text("Hello Serial Port");
  49   1        while(1)
  50   1        {
  51   2          a = uart_read();
  52   2          if(a == 'A')
  53   2          {
  54   3            led = 1;
C51 COMPILER V9.60.0.0   MAIN                                                              08/14/2019 17:13:37 PAGE 2   

  55   3          }
  56   2          if(a == 'B')
  57   2          {
  58   3            led = 0;
  59   3          }
  60   2          delay_ms(1000);
  61   2          uart1_write(a);
  62   2        }
  63   1      }
  64          


MODULE INFORMATION:   STATIC OVERLAYABLE
   CODE SIZE        =    122    ----
   CONSTANT SIZE    =     18    ----
   XDATA SIZE       =   ----    ----
   PDATA SIZE       =   ----    ----
   DATA SIZE        =      1    ----
   IDATA SIZE       =   ----    ----
   BIT SIZE         =   ----    ----
END OF MODULE INFORMATION.


C51 COMPILATION COMPLETE.  0 WARNING(S),  0 ERROR(S)
