C51 COMPILER V9.00   LEDBLINK                                                              08/04/2017 09:39:54 PAGE 1   


C51 COMPILER V9.00, COMPILATION OF MODULE LEDBLINK
OBJECT MODULE PLACED IN ledblink.OBJ
COMPILER INVOKED BY: C:\Keil\C51\BIN\C51.EXE ledblink.c BROWSE DEBUG OBJECTEXTEND TABS(2)

line level    source

   1          #include<reg51.h>
   2          sbit led=P1^0;              //connect one led to p1.0 
   3          void delay(unsigned int count)
   4          {
   5   1        unsigned int i;
   6   1        while(count)
   7   1        {
   8   2          i = 115;
   9   2          while(i > 0)
  10   2          i--;
  11   2          count--;
  12   2        }
  13   1      }
  14          
  15          void timer_delay()
  16          {
  17   1        int i;
  18   1        TMOD = 0x01;
  19   1        
  20   1        TH0 = 0xFB; //64441
  21   1        TL0 = 0xB9;
  22   1        //TL0 = 0xB9;       // 0000 0000 0000 0000
  23   1        TR0 = 1;        // 1111 1111 1111 1111
  24   1        while(TF0 == 0);
  25   1        TF0 = 0;  
  26   1        TR0 = 0;
  27   1      }
*** WARNING C280 IN LINE 17 OF LEDBLINK.C: 'i': unreferenced local variable
  28          
  29          void main()
  30          {
  31   1        while(1)
  32   1        {
  33   2          led = 0;
  34   2          timer_delay();
  35   2          led = 1;
  36   2          timer_delay();
  37   2        }
  38   1      }


MODULE INFORMATION:   STATIC OVERLAYABLE
   CODE SIZE        =     56    ----
   CONSTANT SIZE    =   ----    ----
   XDATA SIZE       =   ----    ----
   PDATA SIZE       =   ----    ----
   DATA SIZE        =   ----       2
   IDATA SIZE       =   ----    ----
   BIT SIZE         =   ----    ----
END OF MODULE INFORMATION.


C51 COMPILATION COMPLETE.  1 WARNING(S),  0 ERROR(S)
