C51 COMPILER V9.60.0.0   MAIN                                                              08/20/2019 19:50:51 PAGE 1   


C51 COMPILER V9.60.0.0, COMPILATION OF MODULE MAIN
OBJECT MODULE PLACED IN .\Objects\main.obj
COMPILER INVOKED BY: C:\Keil_v5\C51\BIN\C51.EXE main.c OPTIMIZE(8,SPEED) BROWSE DEBUG OBJECTEXTEND PRINT(.\Listings\main
                    -.lst) TABS(2) OBJECT(.\Objects\main.obj)

line level    source

   1          #include<reg51.h>
   2          void delay(unsigned int count)
   3          {
   4   1        unsigned int i;
   5   1        while(count)
   6   1        {
   7   2          i = 115;
   8   2          while(i > 0)
   9   2          i--;
  10   2          count--;
  11   2        }
  12   1      }
  13          sbit in1 = P2^0;
  14          sbit in2 = P2^1;
  15          sbit en1 = P2^2;
  16          sbit en2 = P2^3;
  17          sbit in3 = P2^4;
  18          sbit in4 = P2^5;
  19          
  20          void main()
  21          {
  22   1        in1 = 0;
  23   1        in2 = 0;
  24   1        in3 = 0;
  25   1        in4 = 0;
  26   1        en1 = 1;
  27   1        en2 = 1;
  28   1        while(1)
  29   1        {
  30   2          in1 = 1;
  31   2          in2 = 0;
  32   2          
  33   2          in3 = 0;
  34   2          in4 = 1;
  35   2          delay(2000);
  36   2          
  37   2          
  38   2          in1 = 0;
  39   2          in2 = 0;
  40   2          in3 = 0;
  41   2          in4 = 0;
  42   2          delay(100);
  43   2          
  44   2          in1 = 0;
  45   2          in2 = 1;
  46   2          in3 = 1;
  47   2          in4 = 0;
  48   2          delay(2000);
  49   2          
  50   2          
  51   2          in1 = 0;
  52   2          in2 = 0;
  53   2          in3 = 0;
  54   2          in4 = 0;
C51 COMPILER V9.60.0.0   MAIN                                                              08/20/2019 19:50:51 PAGE 2   

  55   2          delay(100);
  56   2          
  57   2          
  58   2        }
  59   1        
  60   1      }


MODULE INFORMATION:   STATIC OVERLAYABLE
   CODE SIZE        =     80    ----
   CONSTANT SIZE    =   ----    ----
   XDATA SIZE       =   ----    ----
   PDATA SIZE       =   ----    ----
   DATA SIZE        =   ----    ----
   IDATA SIZE       =   ----    ----
   BIT SIZE         =   ----    ----
END OF MODULE INFORMATION.


C51 COMPILATION COMPLETE.  0 WARNING(S),  0 ERROR(S)
