C51 COMPILER V9.00   LCDBASIC                                                              01/22/2019 16:18:41 PAGE 1   


C51 COMPILER V9.00, COMPILATION OF MODULE LCDBASIC
OBJECT MODULE PLACED IN lcdbasic.OBJ
COMPILER INVOKED BY: C:\Keil\C51\BIN\C51.EXE lcdbasic.c BROWSE DEBUG OBJECTEXTEND TABS(2)

line level    source

   1          #include<reg51.h>
   2          #include "lcd.c"
   3          void delay(unsigned int count)
   4          {
   5   1        unsigned int i;
   6   1        while(count)
   7   1        {
   8   2          i = 115;
   9   2          while(i > 0)
  10   2            i--;
  11   2          count--;
  12   2        }
  13   1      }
  14          
  15          void main()
  16          {
  17   1        int count = 0;
  18   1        lcd_init();
  19   1        lcd_out(1,1,"Timer as Counter");
  20   1        TMOD = 0x05;  //0000 0101
  21   1        TH0 = 0x00;
  22   1        TL0 = 0x00;
  23   1        TR0 = 1;
  24   1        while(1)
  25   1        { 
  26   2          count = TL0;
  27   2          lcd_print(2,1,count,3);
  28   2          delay(200);
  29   2        }
  30   1      
  31   1      }


MODULE INFORMATION:   STATIC OVERLAYABLE
   CODE SIZE        =    745    ----
   CONSTANT SIZE    =     17    ----
   XDATA SIZE       =   ----    ----
   PDATA SIZE       =   ----    ----
   DATA SIZE        =   ----      13
   IDATA SIZE       =   ----    ----
   BIT SIZE         =   ----    ----
END OF MODULE INFORMATION.


C51 COMPILATION COMPLETE.  0 WARNING(S),  0 ERROR(S)
