C51 COMPILER V9.60.0.0   ADC_POT                                                           08/14/2019 16:35:46 PAGE 1   


C51 COMPILER V9.60.0.0, COMPILATION OF MODULE ADC_POT
OBJECT MODULE PLACED IN .\Objects\adc_pot.obj
COMPILER INVOKED BY: C:\Keil_v5\C51\BIN\C51.EXE adc_pot.c OPTIMIZE(8,SPEED) BROWSE DEBUG OBJECTEXTEND PRINT(.\Listings\a
                    -dc_pot.lst) TABS(2) OBJECT(.\Objects\adc_pot.obj)

line level    source

   1          #include <REG51.H>
   2          #include "lcd.c"
   3          
   4          sbit rd = P3^5;                  //Read signal 
   5          sbit wr = P3^6;                  //Write signal 
   6          sbit intr = P3^7;                //INTR signal 
   7          
   8          unsigned char adc_val;    // 8 - bit read the adc
   9          unsigned int mv;    // 16 bit read or calculate the voltage
  10          
  11          void conv();                     //Start of conversion function
  12          void read();                     //Read ADC function
  13          
  14          void main()
  15          {
  16   1          delay_ms(100);
  17   1          intr = 1; // make this pin work as INPUT
  18   1          lcd_init();
  19   1          lcd_out(1,1,"ADC Val:");
  20   1          lcd_out(2,1,"Voltage: ");   // mV
  21   1          
  22   1          
  23   1          while(1)
  24   1          {                           //Forever loop
  25   2            conv();                  //Start conversion
  26   2            read();   
  27   2              
  28   2            lcd_print(1,13,adc_val,4);    // 0 - 255
  29   2            mv = adc_val * 19.53; //  use it when using pot
  30   2            mv = adc_val * 10; // when using LM35
  31   2            lcd_print(2,13,mv,4);
  32   2            
  33   2          }
  34   1      }
  35          
  36          void conv()
  37          {  
  38   1              wr = 0;                      //Make WR low
  39   1              wr = 1;                      //Make WR high
  40   1              while(intr == 1)
  41   1              {
  42   2              
  43   2              }
  44   1      }
  45          
  46          void read()     // function to read the Analog to digital converted value
  47          {
  48   1      
  49   1              rd = 1;                      //Make RD low
  50   1              rd = 0;
  51   1              adc_val = P1;          //Read ADC port
  52   1              delay_ms(250);
  53   1              rd = 1;                      //Make RD high
  54   1      }
C51 COMPILER V9.60.0.0   ADC_POT                                                           08/14/2019 16:35:46 PAGE 2   



MODULE INFORMATION:   STATIC OVERLAYABLE
   CODE SIZE        =    814    ----
   CONSTANT SIZE    =     19    ----
   XDATA SIZE       =   ----    ----
   PDATA SIZE       =   ----    ----
   DATA SIZE        =      3      11
   IDATA SIZE       =   ----    ----
   BIT SIZE         =   ----    ----
END OF MODULE INFORMATION.


C51 COMPILATION COMPLETE.  0 WARNING(S),  0 ERROR(S)
