C51 COMPILER V9.00   MAIN                                                                  01/24/2019 12:58:12 PAGE 1   


C51 COMPILER V9.00, COMPILATION OF MODULE MAIN
OBJECT MODULE PLACED IN .\Objects\main.obj
COMPILER INVOKED BY: C:\Keil\C51\BIN\C51.EXE main.c BROWSE DEBUG OBJECTEXTEND PRINT(.\Listings\main.lst) TABS(2) OBJECT(
                    -.\Objects\main.obj)

line level    source

   1          #include<reg51.h>
   2          
   3          void delay(unsigned int count)
   4          {
   5   1        unsigned int i;
   6   1        while(count)
   7   1        {
   8   2          i = 115;
   9   2          while(i > 0)
  10   2            i--;
  11   2          count--;
  12   2        }
  13   1      }
  14          
  15          void fwd()
  16          {
  17   1          P2 = 0x0C;
  18   1          delay(100);
  19   1          P2 = 0x06;
  20   1          delay(100);
  21   1          P2 = 0x03;
  22   1          delay(100);
  23   1          P2 = 0x09;
  24   1          delay(100);
  25   1      }
  26          void rev()
  27          {
  28   1          P2 = 0x09;
  29   1          delay(100);
  30   1          P2 = 0x03;
  31   1          delay(1000);
  32   1          P2 = 0x06;
  33   1          delay(100);
  34   1          P2 = 0x0C;
  35   1          delay(100);
  36   1      }
  37          void main()
  38          {
  39   1        while(1)
  40   1        {
  41   2            fwd();
  42   2            delay(500);
  43   2          
  44   2            rev();
  45   2            delay(500);
  46   2          
  47   2          
  48   2        }
  49   1        
  50   1      }


MODULE INFORMATION:   STATIC OVERLAYABLE
   CODE SIZE        =    109    ----
C51 COMPILER V9.00   MAIN                                                                  01/24/2019 12:58:12 PAGE 2   

   CONSTANT SIZE    =   ----    ----
   XDATA SIZE       =   ----    ----
   PDATA SIZE       =   ----    ----
   DATA SIZE        =   ----    ----
   IDATA SIZE       =   ----    ----
   BIT SIZE         =   ----    ----
END OF MODULE INFORMATION.


C51 COMPILATION COMPLETE.  0 WARNING(S),  0 ERROR(S)
